0 verbose cli [
0 verbose cli   'C:\\Program Files\\nodejs\\node.exe',
0 verbose cli   'C:\\Program Files\\nodejs\\node_modules\\npm\\bin\\npm-cli.js',
0 verbose cli   'prefix',
0 verbose cli   '-g'
0 verbose cli ]
1 info using npm@8.5.0
2 info using node@v16.14.2
3 timing npm:load:whichnode Completed in 0ms
4 timing config:load:defaults Completed in 2ms
5 timing config:load:file:C:\Program Files\nodejs\node_modules\npm\npmrc Completed in 13ms
6 timing config:load:builtin Completed in 13ms
7 timing config:load:cli Completed in 3ms
8 timing config:load:env Completed in 1ms
9 timing config:load:project Completed in 3ms
10 timing config:load:file:C:\Users\A\.npmrc Completed in 0ms
11 timing config:load:user Completed in 1ms
12 timing config:load:file:C:\Users\A\AppData\Roaming\npm\etc\npmrc Completed in 0ms
13 timing config:load:global Completed in 0ms
14 timing config:load:validate Completed in 2ms
15 timing config:load:credentials Completed in 1ms
16 timing config:load:setEnvs Completed in 2ms
17 timing config:load Completed in 28ms
18 timing npm:load:configload Completed in 28ms
19 timing npm:load:setTitle Completed in 1ms
20 timing config:load:flatten Completed in 7ms
21 timing npm:load:display Completed in 8ms
22 verbose logfile logs-max:10 dir:undefined
23 verbose logfile undefineddebug-0.log
24 timing npm:load:logFile Completed in 10ms
25 timing npm:load:timers Completed in 0ms
26 timing npm:load:configScope Completed in 0ms
27 timing npm:load Completed in 49ms
28 timing command:prefix Completed in 2ms
29 verbose exit 0
30 timing npm Completed in 455ms
31 info ok
0 verbose cli [
0 verbose cli   'C:\\Program Files\\nodejs\\node.exe',
0 verbose cli   'C:\\Program Files\\nodejs\\node_modules\\npm\\bin\\npm-cli.js',
0 verbose cli   'prefix',
0 verbose cli   '-g'
0 verbose cli ]
1 info using npm@8.5.0
2 info using node@v16.14.2
3 timing npm:load:whichnode Completed in 1ms
4 timing config:load:defaults Completed in 3ms
5 timing config:load:file:C:\Program Files\nodejs\node_modules\npm\npmrc Completed in 13ms
6 timing config:load:builtin Completed in 13ms
7 timing config:load:cli Completed in 3ms
8 timing config:load:env Completed in 1ms
9 timing config:load:project Completed in 3ms
10 timing config:load:file:C:\Users\A\.npmrc Completed in 1ms
11 timing config:load:user Completed in 1ms
12 timing config:load:file:C:\Users\A\AppData\Roaming\npm\etc\npmrc Completed in 0ms
13 timing config:load:global Completed in 0ms
14 timing config:load:validate Completed in 2ms
15 timing config:load:credentials Completed in 2ms
16 timing config:load:setEnvs Completed in 2ms
17 timing config:load Completed in 31ms
18 timing npm:load:configload Completed in 31ms
19 timing npm:load:setTitle Completed in 1ms
20 timing config:load:flatten Completed in 7ms
21 timing npm:load:display Completed in 8ms
22 verbose logfile logs-max:10 dir:undefined
23 verbose logfile undefineddebug-0.log
24 timing npm:load:logFile Completed in 293ms
25 timing npm:load:timers Completed in 0ms
26 timing npm:load:configScope Completed in 0ms
27 timing npm:load Completed in 335ms
28 timing command:prefix Completed in 3ms
29 verbose exit 0
30 timing npm Completed in 826ms
31 info ok
0 verbose cli [
0 verbose cli   'C:\\Program Files\\nodejs\\node.exe',
0 verbose cli   'C:\\Program Files\\nodejs\\node_modules\\npm\\bin\\npm-cli.js',
0 verbose cli   'prefix',
0 verbose cli   '-g'
0 verbose cli ]
1 info using npm@8.5.0
2 info using node@v16.14.2
3 timing npm:load:whichnode Completed in 0ms
4 timing config:load:defaults Completed in 2ms
5 timing config:load:file:C:\Program Files\nodejs\node_modules\npm\npmrc Completed in 13ms
6 timing config:load:builtin Completed in 14ms
7 timing config:load:cli Completed in 2ms
8 timing config:load:env Completed in 2ms
9 timing config:load:project Completed in 2ms
10 timing config:load:file:C:\Users\A\.npmrc Completed in 0ms
11 timing config:load:user Completed in 0ms
12 timing config:load:file:C:\Users\A\AppData\Roaming\npm\etc\npmrc Completed in 1ms
13 timing config:load:global Completed in 1ms
14 timing config:load:validate Completed in 0ms
15 timing config:load:credentials Completed in 1ms
16 timing config:load:setEnvs Completed in 2ms
17 timing config:load Completed in 28ms
18 timing npm:load:configload Completed in 28ms
19 timing npm:load:setTitle Completed in 1ms
20 timing config:load:flatten Completed in 6ms
21 timing npm:load:display Completed in 8ms
22 verbose logfile logs-max:10 dir:undefined
23 verbose logfile undefineddebug-0.log
24 timing npm:load:logFile Completed in 9ms
25 timing npm:load:timers Completed in 0ms
26 timing npm:load:configScope Completed in 0ms
27 timing npm:load Completed in 48ms
28 timing command:prefix Completed in 3ms
29 verbose exit 0
30 timing npm Completed in 411ms
31 info ok
0 verbose cli [
0 verbose cli   'C:\\Program Files\\nodejs\\node.exe',
0 verbose cli   'C:\\Program Files\\nodejs\\node_modules\\npm\\bin\\npm-cli.js',
0 verbose cli   'prefix',
0 verbose cli   '-g'
0 verbose cli ]
1 info using npm@8.5.0
2 info using node@v16.14.2
3 timing npm:load:whichnode Completed in 0ms
4 timing config:load:defaults Completed in 2ms
5 timing config:load:file:C:\Program Files\nodejs\node_modules\npm\npmrc Completed in 13ms
6 timing config:load:builtin Completed in 14ms
7 timing config:load:cli Completed in 3ms
8 timing config:load:env Completed in 1ms
9 timing config:load:project Completed in 4ms
10 timing config:load:file:C:\Users\A\.npmrc Completed in 0ms
11 timing config:load:user Completed in 0ms
12 timing config:load:file:C:\Users\A\AppData\Roaming\npm\etc\npmrc Completed in 0ms
13 timing config:load:global Completed in 0ms
14 timing config:load:validate Completed in 0ms
15 timing config:load:credentials Completed in 2ms
16 timing config:load:setEnvs Completed in 2ms
17 timing config:load Completed in 29ms
18 timing npm:load:configload Completed in 30ms
19 timing npm:load:setTitle Completed in 0ms
20 timing config:load:flatten Completed in 6ms
21 timing npm:load:display Completed in 8ms
22 verbose logfile logs-max:10 dir:undefined
23 verbose logfile undefineddebug-0.log
24 timing npm:load:logFile Completed in 10ms
25 timing npm:load:timers Completed in 0ms
26 timing npm:load:configScope Completed in 0ms
27 timing npm:load Completed in 51ms
28 timing command:prefix Completed in 3ms
29 verbose exit 0
30 timing npm Completed in 418ms
31 info ok
0 verbose cli [
0 verbose cli   'C:\\Program Files\\nodejs\\node.exe',
0 verbose cli   'C:\\Program Files\\nodejs\\node_modules\\npm\\bin\\npm-cli.js',
0 verbose cli   'prefix',
0 verbose cli   '-g'
0 verbose cli ]
1 info using npm@8.5.0
2 info using node@v16.14.2
3 timing npm:load:whichnode Completed in 0ms
4 timing config:load:defaults Completed in 3ms
5 timing config:load:file:C:\Program Files\nodejs\node_modules\npm\npmrc Completed in 14ms
6 timing config:load:builtin Completed in 15ms
7 timing config:load:cli Completed in 5ms
8 timing config:load:env Completed in 3ms
9 timing config:load:project Completed in 3ms
10 timing config:load:file:C:\Users\A\.npmrc Completed in 0ms
11 timing config:load:user Completed in 1ms
12 timing config:load:file:C:\Users\A\AppData\Roaming\npm\etc\npmrc Completed in 0ms
13 timing config:load:global Completed in 1ms
14 timing config:load:validate Completed in 0ms
15 timing config:load:credentials Completed in 2ms
16 timing config:load:setEnvs Completed in 2ms
17 timing config:load Completed in 37ms
18 timing npm:load:configload Completed in 38ms
19 timing npm:load:setTitle Completed in 1ms
20 timing config:load:flatten Completed in 10ms
21 timing npm:load:display Completed in 13ms
22 verbose logfile logs-max:10 dir:undefined
23 verbose logfile undefineddebug-0.log
24 timing npm:load:logFile Completed in 12ms
25 timing npm:load:timers Completed in 0ms
26 timing npm:load:configScope Completed in 0ms
27 timing npm:load Completed in 67ms
28 timing command:prefix Completed in 4ms
29 verbose exit 0
30 timing npm Completed in 506ms
31 info ok
0 verbose cli [
0 verbose cli   'C:\\Program Files\\nodejs\\node.exe',
0 verbose cli   'C:\\Program Files\\nodejs\\node_modules\\npm\\bin\\npm-cli.js',
0 verbose cli   'prefix',
0 verbose cli   '-g'
0 verbose cli ]
1 info using npm@8.5.0
2 info using node@v16.14.2
3 timing npm:load:whichnode Completed in 1ms
4 timing config:load:defaults Completed in 3ms
5 timing config:load:file:C:\Program Files\nodejs\node_modules\npm\npmrc Completed in 12ms
6 timing config:load:builtin Completed in 13ms
7 timing config:load:cli Completed in 3ms
8 timing config:load:env Completed in 1ms
9 timing config:load:project Completed in 3ms
10 timing config:load:file:C:\Users\A\.npmrc Completed in 0ms
11 timing config:load:user Completed in 1ms
12 timing config:load:file:C:\Users\A\AppData\Roaming\npm\etc\npmrc Completed in 0ms
13 timing config:load:global Completed in 0ms
14 timing config:load:validate Completed in 2ms
15 timing config:load:credentials Completed in 1ms
16 timing config:load:setEnvs Completed in 1ms
17 timing config:load Completed in 29ms
18 timing npm:load:configload Completed in 29ms
19 timing npm:load:setTitle Completed in 1ms
20 timing config:load:flatten Completed in 6ms
21 timing npm:load:display Completed in 8ms
22 verbose logfile logs-max:10 dir:undefined
23 verbose logfile undefineddebug-0.log
24 timing npm:load:logFile Completed in 40ms
25 timing npm:load:timers Completed in 0ms
26 timing npm:load:configScope Completed in 0ms
27 timing npm:load Completed in 79ms
28 timing command:prefix Completed in 3ms
29 verbose exit 0
30 timing npm Completed in 482ms
31 info ok
0 verbose cli [
0 verbose cli   'C:\\Program Files\\nodejs\\node.exe',
0 verbose cli   'C:\\Program Files\\nodejs\\node_modules\\npm\\bin\\npm-cli.js',
0 verbose cli   'prefix',
0 verbose cli   '-g'
0 verbose cli ]
1 info using npm@8.5.0
2 info using node@v16.14.2
3 timing npm:load:whichnode Completed in 0ms
4 timing config:load:defaults Completed in 2ms
5 timing config:load:file:C:\Program Files\nodejs\node_modules\npm\npmrc Completed in 13ms
6 timing config:load:builtin Completed in 13ms
7 timing config:load:cli Completed in 3ms
8 timing config:load:env Completed in 2ms
9 timing config:load:project Completed in 2ms
10 timing config:load:file:C:\Users\A\.npmrc Completed in 0ms
11 timing config:load:user Completed in 1ms
12 timing config:load:file:C:\Users\A\AppData\Roaming\npm\etc\npmrc Completed in 1ms
13 timing config:load:global Completed in 1ms
14 timing config:load:validate Completed in 1ms
15 timing config:load:credentials Completed in 1ms
16 timing config:load:setEnvs Completed in 1ms
17 timing config:load Completed in 29ms
18 timing npm:load:configload Completed in 30ms
19 timing npm:load:setTitle Completed in 0ms
20 timing config:load:flatten Completed in 6ms
21 timing npm:load:display Completed in 9ms
22 verbose logfile logs-max:10 dir:undefined
23 verbose logfile undefineddebug-0.log
24 timing npm:load:logFile Completed in 10ms
25 timing npm:load:timers Completed in 0ms
26 timing npm:load:configScope Completed in 0ms
27 timing npm:load Completed in 50ms
28 timing command:prefix Completed in 2ms
29 verbose exit 0
30 timing npm Completed in 420ms
31 info ok
0 verbose cli [
0 verbose cli   'C:\\Program Files\\nodejs\\node.exe',
0 verbose cli   'C:\\Program Files\\nodejs\\node_modules\\npm\\bin\\npm-cli.js',
0 verbose cli   'prefix',
0 verbose cli   '-g'
0 verbose cli ]
1 info using npm@8.5.0
2 info using node@v16.14.2
3 timing npm:load:whichnode Completed in 0ms
4 timing config:load:defaults Completed in 2ms
5 timing config:load:file:C:\Program Files\nodejs\node_modules\npm\npmrc Completed in 15ms
6 timing config:load:builtin Completed in 16ms
7 timing config:load:cli Completed in 3ms
8 timing config:load:env Completed in 2ms
9 timing config:load:project Completed in 3ms
10 timing config:load:file:C:\Users\A\.npmrc Completed in 1ms
11 timing config:load:user Completed in 1ms
12 timing config:load:file:C:\Users\A\AppData\Roaming\npm\etc\npmrc Completed in 0ms
13 timing config:load:global Completed in 0ms
14 timing config:load:validate Completed in 1ms
15 timing config:load:credentials Completed in 2ms
16 timing config:load:setEnvs Completed in 2ms
17 timing config:load Completed in 33ms
18 timing npm:load:configload Completed in 33ms
19 timing npm:load:setTitle Completed in 1ms
20 timing config:load:flatten Completed in 6ms
21 timing npm:load:display Completed in 8ms
22 verbose logfile logs-max:10 dir:undefined
23 verbose logfile undefineddebug-0.log
24 timing npm:load:logFile Completed in 9ms
25 timing npm:load:timers Completed in 0ms
26 timing npm:load:configScope Completed in 0ms
27 timing npm:load Completed in 53ms
28 timing command:prefix Completed in 2ms
29 verbose exit 0
30 timing npm Completed in 462ms
31 info ok
0 verbose cli [
0 verbose cli   'C:\\Program Files\\nodejs\\node.exe',
0 verbose cli   'C:\\Program Files\\nodejs\\node_modules\\npm\\bin\\npm-cli.js',
0 verbose cli   'prefix',
0 verbose cli   '-g'
0 verbose cli ]
1 info using npm@8.5.0
2 info using node@v16.14.2
3 timing npm:load:whichnode Completed in 0ms
4 timing config:load:defaults Completed in 2ms
5 timing config:load:file:C:\Program Files\nodejs\node_modules\npm\npmrc Completed in 180ms
6 timing config:load:builtin Completed in 183ms
7 timing config:load:cli Completed in 14ms
8 timing config:load:env Completed in 3ms
9 timing config:load:project Completed in 82ms
10 timing config:load:file:C:\Users\A\.npmrc Completed in 6ms
11 timing config:load:user Completed in 8ms
12 timing config:load:file:C:\Users\A\AppData\Roaming\npm\etc\npmrc Completed in 4ms
13 timing config:load:global Completed in 5ms
14 timing config:load:validate Completed in 4ms
15 timing config:load:credentials Completed in 4ms
16 timing config:load:setEnvs Completed in 3ms
17 timing config:load Completed in 310ms
18 timing npm:load:configload Completed in 310ms
19 timing npm:load:setTitle Completed in 5ms
20 timing config:load:flatten Completed in 21ms
21 timing npm:load:display Completed in 24ms
22 verbose logfile logs-max:10 dir:undefined
23 verbose logfile undefineddebug-0.log
24 timing npm:load:logFile Completed in 16ms
25 timing npm:load:timers Completed in 0ms
26 timing npm:load:configScope Completed in 0ms
27 timing npm:load Completed in 359ms
28 timing command:prefix Completed in 3ms
29 verbose exit 0
30 timing npm Completed in 769ms
31 info ok
0 verbose cli [
0 verbose cli   'C:\\Program Files\\nodejs\\node.exe',
0 verbose cli   'C:\\Program Files\\nodejs\\node_modules\\npm\\bin\\npm-cli.js',
0 verbose cli   'prefix',
0 verbose cli   '-g'
0 verbose cli ]
1 info using npm@8.5.0
2 info using node@v16.14.2
3 timing npm:load:whichnode Completed in 0ms
4 timing config:load:defaults Completed in 3ms
5 timing config:load:file:C:\Program Files\nodejs\node_modules\npm\npmrc Completed in 13ms
6 timing config:load:builtin Completed in 14ms
7 timing config:load:cli Completed in 3ms
8 timing config:load:env Completed in 1ms
9 timing config:load:project Completed in 2ms
10 timing config:load:file:C:\Users\A\.npmrc Completed in 0ms
11 timing config:load:user Completed in 1ms
12 timing config:load:file:C:\Users\A\AppData\Roaming\npm\etc\npmrc Completed in 1ms
13 timing config:load:global Completed in 1ms
14 timing config:load:validate Completed in 1ms
15 timing config:load:credentials Completed in 2ms
16 timing config:load:setEnvs Completed in 2ms
17 timing config:load Completed in 31ms
18 timing npm:load:configload Completed in 31ms
19 timing npm:load:setTitle Completed in 1ms
20 timing config:load:flatten Completed in 6ms
21 timing npm:load:display Completed in 7ms
22 verbose logfile logs-max:10 dir:undefined
23 verbose logfile undefineddebug-0.log
24 timing npm:load:logFile Completed in 9ms
25 timing npm:load:timers Completed in 0ms
26 timing npm:load:configScope Completed in 0ms
27 timing npm:load Completed in 50ms
28 timing command:prefix Completed in 2ms
29 verbose exit 0
30 timing npm Completed in 2484ms
31 info ok
0 verbose cli [
0 verbose cli   'C:\\Program Files\\nodejs\\node.exe',
0 verbose cli   'C:\\Program Files\\nodejs\\node_modules\\npm\\bin\\npm-cli.js',
0 verbose cli   'prefix',
0 verbose cli   '-g'
0 verbose cli ]
1 info using npm@8.5.0
2 info using node@v16.14.2
3 timing npm:load:whichnode Completed in 0ms
4 timing config:load:defaults Completed in 2ms
5 timing config:load:file:C:\Program Files\nodejs\node_modules\npm\npmrc Completed in 13ms
6 timing config:load:builtin Completed in 14ms
7 timing config:load:cli Completed in 3ms
8 timing config:load:env Completed in 1ms
9 timing config:load:project Completed in 3ms
10 timing config:load:file:C:\Users\A\.npmrc Completed in 1ms
11 timing config:load:user Completed in 1ms
12 timing config:load:file:C:\Users\A\AppData\Roaming\npm\etc\npmrc Completed in 1ms
13 timing config:load:global Completed in 1ms
14 timing config:load:validate Completed in 0ms
15 timing config:load:credentials Completed in 2ms
16 timing config:load:setEnvs Completed in 1ms
17 timing config:load Completed in 28ms
18 timing npm:load:configload Completed in 29ms
19 timing npm:load:setTitle Completed in 0ms
20 timing config:load:flatten Completed in 6ms
21 timing npm:load:display Completed in 8ms
22 verbose logfile logs-max:10 dir:undefined
23 verbose logfile undefineddebug-0.log
24 timing npm:load:logFile Completed in 9ms
25 timing npm:load:timers Completed in 0ms
26 timing npm:load:configScope Completed in 0ms
27 timing npm:load Completed in 48ms
28 timing command:prefix Completed in 3ms
29 verbose exit 0
30 timing npm Completed in 396ms
31 info ok
0 verbose cli [
0 verbose cli   'C:\\Program Files\\nodejs\\node.exe',
0 verbose cli   'C:\\Program Files\\nodejs\\node_modules\\npm\\bin\\npm-cli.js',
0 verbose cli   'prefix',
0 verbose cli   '-g'
0 verbose cli ]
1 info using npm@8.5.0
2 info using node@v16.14.2
3 timing npm:load:whichnode Completed in 0ms
4 timing config:load:defaults Completed in 2ms
5 timing config:load:file:C:\Program Files\nodejs\node_modules\npm\npmrc Completed in 13ms
6 timing config:load:builtin Completed in 13ms
7 timing config:load:cli Completed in 2ms
8 timing config:load:env Completed in 2ms
9 timing config:load:project Completed in 2ms
10 timing config:load:file:C:\Users\A\.npmrc Completed in 1ms
11 timing config:load:user Completed in 1ms
12 timing config:load:file:C:\Users\A\AppData\Roaming\npm\etc\npmrc Completed in 0ms
13 timing config:load:global Completed in 1ms
14 timing config:load:validate Completed in 0ms
15 timing config:load:credentials Completed in 1ms
16 timing config:load:setEnvs Completed in 2ms
17 timing config:load Completed in 27ms
18 timing npm:load:configload Completed in 28ms
19 timing npm:load:setTitle Completed in 1ms
20 timing config:load:flatten Completed in 6ms
21 timing npm:load:display Completed in 7ms
22 verbose logfile logs-max:10 dir:undefined
23 verbose logfile undefineddebug-0.log
24 timing npm:load:logFile Completed in 9ms
25 timing npm:load:timers Completed in 0ms
26 timing npm:load:configScope Completed in 0ms
27 timing npm:load Completed in 46ms
28 timing command:prefix Completed in 2ms
29 verbose exit 0
30 timing npm Completed in 396ms
31 info ok
0 verbose cli [
0 verbose cli   'C:\\Program Files\\nodejs\\node.exe',
0 verbose cli   'C:\\Program Files\\nodejs\\node_modules\\npm\\bin\\npm-cli.js',
0 verbose cli   'prefix',
0 verbose cli   '-g'
0 verbose cli ]
1 info using npm@8.5.0
2 info using node@v16.14.2
3 timing npm:load:whichnode Completed in 1ms
4 timing config:load:defaults Completed in 3ms
5 timing config:load:file:C:\Program Files\nodejs\node_modules\npm\npmrc Completed in 14ms
6 timing config:load:builtin Completed in 15ms
7 timing config:load:cli Completed in 3ms
8 timing config:load:env Completed in 1ms
9 timing config:load:project Completed in 4ms
10 timing config:load:file:C:\Users\A\.npmrc Completed in 1ms
11 timing config:load:user Completed in 1ms
12 timing config:load:file:C:\Users\A\AppData\Roaming\npm\etc\npmrc Completed in 1ms
13 timing config:load:global Completed in 1ms
14 timing config:load:validate Completed in 0ms
15 timing config:load:credentials Completed in 2ms
16 timing config:load:setEnvs Completed in 1ms
17 timing config:load Completed in 31ms
18 timing npm:load:configload Completed in 32ms
19 timing npm:load:setTitle Completed in 1ms
20 timing config:load:flatten Completed in 6ms
21 timing npm:load:display Completed in 8ms
22 verbose logfile logs-max:10 dir:undefined
23 verbose logfile undefineddebug-0.log
24 timing npm:load:logFile Completed in 23ms
25 timing npm:load:timers Completed in 0ms
26 timing npm:load:configScope Completed in 0ms
27 timing npm:load Completed in 66ms
28 timing command:prefix Completed in 2ms
29 verbose exit 0
30 timing npm Completed in 2974ms
31 info ok
